At time 0 process 1 started arr 1 total 3 remain 3 wait -1
At time 2 process 1 stopped arr 1 total 3 remain 1 wait -1
At time 2 process 2 started arr 2 total 5 remain 5 wait 0
At time 4 process 2 stopped arr 2 total 5 remain 3 wait 0
At time 4 process 3 started arr 3 total 5 remain 5 wait 1
At time 6 process 3 stopped arr 3 total 5 remain 3 wait 1
At time 6 process 4 started arr 4 total 5 remain 5 wait 2
At time 8 process 4 stopped arr 4 total 5 remain 3 wait 2
At time 8 process 1 resumed arr 1 total 3 remain 1 wait 5
At time 9 process 1 finished arr 1 total 3 remain 0 wait 5 TA 8 WTA 2.67
At time 9 process 2 resumed arr 2 total 5 remain 3 wait 5
At time 11 process 2 stopped arr 2 total 5 remain 1 wait 5
At time 11 process 3 resumed arr 3 total 5 remain 3 wait 6
At time 13 process 3 stopped arr 3 total 5 remain 1 wait 6
At time 13 process 4 resumed arr 4 total 5 remain 3 wait 7
At time 15 process 4 stopped arr 4 total 5 remain 1 wait 7
At time 15 process 2 resumed arr 2 total 5 remain 1 wait 9
At time 16 process 2 finished arr 2 total 5 remain 0 wait 9 TA 14 WTA 2.80
At time 16 process 3 resumed arr 3 total 5 remain 1 wait 9
At time 17 process 3 finished arr 3 total 5 remain 0 wait 9 TA 14 WTA 2.80
At time 17 process 4 resumed arr 4 total 5 remain 1 wait 9
At time 18 process 4 finished arr 4 total 5 remain 0 wait 9 TA 14 WTA 2.80
